<?xml version="1.0" encoding="UTF-8"?>
<!-- Generated by org.testng.reporters.JUnitReportReporter -->
<testsuite hostname="DESKTOP-MVV1HI5" failures="0" tests="1" name="tests.test" time="20.217" errors="0" timestamp="09 Jan 2022 22:06:02 GMT" skipped="0">
  <testcase classname="tests.test" name="SearchProductAndDetail" time="20.217"/>
</testsuite> <!-- tests.test -->
